[
  {
    "line": 2,
    "elements": [
      {
        "line": 4,
        "name": "",
        "description": "",
        "type": "background",
        "keyword": "Background",
        "steps": [
          {
            "result": {
              "error_message": "org.openqa.selenium.NoSuchWindowException: no such window: target window already closed\nfrom unknown error: web view not found\n  (Session info: chrome\u003d112.0.5615.138)\nBuild info: version: \u00273.141.59\u0027, revision: \u0027e82be7d358\u0027, time: \u00272018-11-14T08:17:03\u0027\nSystem info: host: \u0027LAPTOP-552TM191\u0027, ip: \u002710.0.0.160\u0027, os.name: \u0027Windows 11\u0027, os.arch: \u0027amd64\u0027, os.version: \u002710.0\u0027, java.version: \u002711.0.15\u0027\nDriver info: org.openqa.selenium.chrome.ChromeDriver\nCapabilities {acceptInsecureCerts: false, browserName: chrome, browserVersion: 112.0.5615.138, chrome: {chromedriverVersion: 112.0.5615.49 (bd2a7bcb881c..., userDataDir: C:\\Users\\serge\\AppData\\Loca...}, goog:chromeOptions: {debuggerAddress: localhost:50347}, javascriptEnabled: true, networkConnectionEnabled: false, pageLoadStrategy: normal, platform: WINDOWS, platformName: WINDOWS, proxy: Proxy(), setWindowRect: true, strictFileInteractability: false, timeouts: {implicit: 0, pageLoad: 300000, script: 30000}, unhandledPromptBehavior: dismiss and notify, webauthn:extension:credBlob: true, webauthn:extension:largeBlob: true, webauthn:extension:minPinLength: true, webauthn:extension:prf: true, webauthn:virtualAuthenticators: true}\nSession ID: fe6e090810ce9f38867ea78df72c9a62\r\n\tat java.base/jdk.internal.reflect.NativeConstructorAccessorImpl.newInstance0(Native Method)\r\n\tat java.base/jdk.internal.reflect.NativeConstructorAccessorImpl.newInstance(NativeConstructorAccessorImpl.java:62)\r\n\tat java.base/jdk.internal.reflect.DelegatingConstructorAccessorImpl.newInstance(DelegatingConstructorAccessorImpl.java:45)\r\n\tat java.base/java.lang.reflect.Constructor.newInstance(Constructor.java:490)\r\n\tat org.openqa.selenium.remote.http.W3CHttpResponseCodec.createException(W3CHttpResponseCodec.java:187)\r\n\tat org.openqa.selenium.remote.http.W3CHttpResponseCodec.decode(W3CHttpResponseCodec.java:122)\r\n\tat org.openqa.selenium.remote.http.W3CHttpResponseCodec.decode(W3CHttpResponseCodec.java:49)\r\n\tat org.openqa.selenium.remote.HttpCommandExecutor.execute(HttpCommandExecutor.java:158)\r\n\tat org.openqa.selenium.remote.service.DriverCommandExecutor.execute(DriverCommandExecutor.java:83)\r\n\tat org.openqa.selenium.remote.RemoteWebDriver.execute(RemoteWebDriver.java:552)\r\n\tat org.openqa.selenium.remote.RemoteWebElement.execute(RemoteWebElement.java:285)\r\n\tat org.openqa.selenium.remote.RemoteWebElement.click(RemoteWebElement.java:84)\r\n\tat java.base/jdk.internal.reflect.NativeMethodAccessorImpl.invoke0(Native Method)\r\n\tat java.base/jdk.internal.reflect.NativeMethodAccessorImpl.invoke(NativeMethodAccessorImpl.java:62)\r\n\tat java.base/jdk.internal.reflect.DelegatingMethodAccessorImpl.invoke(DelegatingMethodAccessorImpl.java:43)\r\n\tat java.base/java.lang.reflect.Method.invoke(Method.java:566)\r\n\tat org.openqa.selenium.support.pagefactory.internal.LocatingElementHandler.invoke(LocatingElementHandler.java:51)\r\n\tat com.sun.proxy.$Proxy19.click(Unknown Source)\r\n\tat pages.LogInPage.login(LogInPage.java:76)\r\n\tat step_definitions.ItemsManagementSteps.as_an_enrity_user_i_am_logged_in(ItemsManagementSteps.java:40)\r\n\tat âœ½.As an enrity user, I am logged in(file:///C:/Users/serge/SpiderWebProject/./src/test/resources/features/itemsManagement.feature:5)\r\n",
              "duration": 4665672700,
              "status": "failed"
            },
            "line": 5,
            "name": "As an enrity user, I am logged in",
            "match": {
              "location": "step_definitions.ItemsManagementSteps.as_an_enrity_user_i_am_logged_in()"
            },
            "keyword": "Given "
          },
          {
            "result": {
              "duration": 1508500,
              "status": "skipped"
            },
            "line": 6,
            "name": "I navigate to Items tab",
            "match": {
              "location": "step_definitions.ItemsManagementSteps.i_navigate_to_items_tab()"
            },
            "keyword": "And "
          }
        ]
      },
      {
        "start_timestamp": "2023-05-07T17:41:37.540Z",
        "before": [
          {
            "result": {
              "duration": 6666346000,
              "status": "passed"
            },
            "match": {
              "location": "step_definitions.CommonHooks.setup()"
            }
          }
        ],
        "line": 34,
        "name": "As a user, I am able to add a item successfully",
        "description": "",
        "id": "item-functionality-management;as-a-user--i-am-able-to-add-a-item-successfully",
        "after": [
          {
            "result": {
              "error_message": "org.openqa.selenium.NoSuchWindowException: no such window: target window already closed\nfrom unknown error: web view not found\n  (Session info: chrome\u003d112.0.5615.138)\nBuild info: version: \u00273.141.59\u0027, revision: \u0027e82be7d358\u0027, time: \u00272018-11-14T08:17:03\u0027\nSystem info: host: \u0027LAPTOP-552TM191\u0027, ip: \u002710.0.0.160\u0027, os.name: \u0027Windows 11\u0027, os.arch: \u0027amd64\u0027, os.version: \u002710.0\u0027, java.version: \u002711.0.15\u0027\nDriver info: org.openqa.selenium.chrome.ChromeDriver\nCapabilities {acceptInsecureCerts: false, browserName: chrome, browserVersion: 112.0.5615.138, chrome: {chromedriverVersion: 112.0.5615.49 (bd2a7bcb881c..., userDataDir: C:\\Users\\serge\\AppData\\Loca...}, goog:chromeOptions: {debuggerAddress: localhost:50347}, javascriptEnabled: true, networkConnectionEnabled: false, pageLoadStrategy: normal, platform: WINDOWS, platformName: WINDOWS, proxy: Proxy(), setWindowRect: true, strictFileInteractability: false, timeouts: {implicit: 0, pageLoad: 300000, script: 30000}, unhandledPromptBehavior: dismiss and notify, webauthn:extension:credBlob: true, webauthn:extension:largeBlob: true, webauthn:extension:minPinLength: true, webauthn:extension:prf: true, webauthn:virtualAuthenticators: true}\nSession ID: fe6e090810ce9f38867ea78df72c9a62\r\n\tat java.base/jdk.internal.reflect.NativeConstructorAccessorImpl.newInstance0(Native Method)\r\n\tat java.base/jdk.internal.reflect.NativeConstructorAccessorImpl.newInstance(NativeConstructorAccessorImpl.java:62)\r\n\tat java.base/jdk.internal.reflect.DelegatingConstructorAccessorImpl.newInstance(DelegatingConstructorAccessorImpl.java:45)\r\n\tat java.base/java.lang.reflect.Constructor.newInstance(Constructor.java:490)\r\n\tat org.openqa.selenium.remote.http.W3CHttpResponseCodec.createException(W3CHttpResponseCodec.java:187)\r\n\tat org.openqa.selenium.remote.http.W3CHttpResponseCodec.decode(W3CHttpResponseCodec.java:122)\r\n\tat org.openqa.selenium.remote.http.W3CHttpResponseCodec.decode(W3CHttpResponseCodec.java:49)\r\n\tat org.openqa.selenium.remote.HttpCommandExecutor.execute(HttpCommandExecutor.java:158)\r\n\tat org.openqa.selenium.remote.service.DriverCommandExecutor.execute(DriverCommandExecutor.java:83)\r\n\tat org.openqa.selenium.remote.RemoteWebDriver.execute(RemoteWebDriver.java:552)\r\n\tat org.openqa.selenium.remote.RemoteWebDriver.execute(RemoteWebDriver.java:609)\r\n\tat org.openqa.selenium.remote.RemoteWebDriver.getScreenshotAs(RemoteWebDriver.java:295)\r\n\tat step_definitions.CommonHooks.teardown(CommonHooks.java:24)\r\n",
              "duration": 129757700,
              "status": "failed"
            },
            "match": {
              "location": "step_definitions.CommonHooks.teardown(io.cucumber.java.Scenario)"
            }
          }
        ],
        "type": "scenario",
        "keyword": "Scenario",
        "steps": [
          {
            "result": {
              "duration": 4998800,
              "status": "skipped"
            },
            "line": 35,
            "name": "I click on Add Item button",
            "match": {
              "location": "step_definitions.ItemsManagementSteps.i_click_on_add_item_button()"
            },
            "keyword": "When "
          },
          {
            "result": {
              "duration": 1002000,
              "status": "skipped"
            },
            "line": 36,
            "name": "I should be on New Item page",
            "match": {
              "location": "step_definitions.ItemsManagementSteps.i_should_be_on_new_item_page()"
            },
            "keyword": "Then "
          },
          {
            "result": {
              "status": "skipped"
            },
            "line": 37,
            "name": "I provide item information name \"iphone\", price \"1800\", unit \"pc\", and description \"too many iphone\"",
            "match": {
              "arguments": [
                {
                  "val": "\"iphone\"",
                  "offset": 32
                },
                {
                  "val": "\"1800\"",
                  "offset": 48
                },
                {
                  "val": "\"pc\"",
                  "offset": 61
                },
                {
                  "val": "\"too many iphone\"",
                  "offset": 83
                }
              ],
              "location": "step_definitions.ItemsManagementSteps.i_provide_item_information_name_price_unit_and_description(java.lang.String,java.lang.String,java.lang.String,java.lang.String)"
            },
            "keyword": "When "
          },
          {
            "result": {
              "status": "skipped"
            },
            "line": 38,
            "name": "I click Save Item button",
            "match": {
              "location": "step_definitions.ItemsManagementSteps.i_click_save_item_button()"
            },
            "keyword": "And "
          },
          {
            "result": {
              "duration": 11004500,
              "status": "skipped"
            },
            "line": 39,
            "name": "I should see a flash message success",
            "match": {
              "location": "step_definitions.ItemsManagementSteps.i_should_see_a_flash_message_success()"
            },
            "keyword": "Then "
          },
          {
            "result": {
              "duration": 509700,
              "status": "skipped"
            },
            "line": 40,
            "name": "The Item is added to the Item list table",
            "match": {
              "location": "step_definitions.ItemsManagementSteps.the_item_is_added_to_the_item_list_table()"
            },
            "keyword": "And "
          },
          {
            "result": {
              "status": "skipped"
            },
            "line": 41,
            "name": "I should be able to see the item in database",
            "match": {
              "location": "step_definitions.ItemsManagementSteps.i_should_be_able_to_see_the_item_in_database()"
            },
            "keyword": "And "
          }
        ],
        "tags": [
          {
            "name": "@itemTests"
          },
          {
            "name": "@regression"
          },
          {
            "name": "@validCreateItem"
          },
          {
            "name": "@smokeTest"
          }
        ]
      }
    ],
    "name": "Item Functionality Management",
    "description": "",
    "id": "item-functionality-management",
    "keyword": "Feature",
    "uri": "file:src/test/resources/features/itemsManagement.feature",
    "tags": [
      {
        "name": "@itemTests",
        "type": "Tag",
        "location": {
          "line": 1,
          "column": 1
        }
      },
      {
        "name": "@regression",
        "type": "Tag",
        "location": {
          "line": 1,
          "column": 12
        }
      }
    ]
  }
]